MC2       42.9127   13.1905    0.0000    0.0000       0       0       3       0    0.0000    0.0108   1
MMO1      42.8993   13.3268    0.0000    0.0000       0       0      34       0    0.0000    0.0155   1
NRCA      42.8335   13.1143    0.0000    0.0000       0       0      10       0    0.0000    0.0393   1
SMA1      42.6305   13.3353    0.0000    0.0000       0       0       2       0    0.0000    0.0254   1
T1202     42.7035   13.2248    0.0000    0.0000       0       0      15       0    0.0000    0.0232   1
T1204     42.6760   13.3167    0.0000    0.0000       0       0       6       0    0.0000    0.0145   1
T1212     42.7515   13.0447    0.0000    0.0000       0       0      10       0    0.0000    0.0302   1
T1214     42.7595   13.2087    0.0000    0.0000       0       0      14       0    0.0000    0.0349   1
T1215     42.8018   12.8685    0.0000    0.0000       0       0       2       0    0.0000    0.0195   1
T1216     42.8907   13.0190    0.0000    0.0000       0       0       7       0    0.0000    0.0142   1
T1218     42.6700   13.1152    0.0000    0.0000       0       0       7       0    0.0000    0.0257   1
T1245     42.8565   13.1880    0.0000    0.0000       0       0      26       0    0.0000    0.0137   1
T1246     42.5833   13.4930    0.0000    0.0000       0       0       1       0    0.0000    0.0307   1
T1299     42.6342   13.2822    0.0000    0.0000       0       0       6       0    0.0000    0.0207   1
TERO      42.6228   13.6040    0.0000    0.0000       0       0       2       0    0.0000    0.0247   1
ED01      42.5264   13.0929    0.0000    0.0000       0       0       3       0    0.0000    0.0447   1
ED02      42.6035   12.9288    0.0000    0.0000       0       0       9       0    0.0000    0.0325   1
ED03      42.6030   13.1903    0.0000    0.0000       0       0       4       0    0.0000    0.0421   1
ED07      42.6282   13.4517    0.0000    0.0000       0       0       2       0    0.0000    0.0335   1
ED09      42.8001   13.4237    0.0000    0.0000       0       0      10       0    0.0000    0.0259   1
ED10      42.7771   13.1412    0.0000    0.0000       0       0       6       0    0.0000    0.0411   1
ED11      42.6884   13.0335    0.0000    0.0000       0       0      18       0    0.0000    0.0165   1
ED12      42.8064   12.9772    0.0000    0.0000       0       0      18       0    0.0000    0.0255   1
ED14      42.4449   13.4331    0.0000    0.0000       0       0       1       0    0.0000    0.0012   1
ED16      42.8371   13.3071    0.0000    0.0000       0       0       2       0    0.0000    0.0287   1
ED17      42.9659   13.3086    0.0000    0.0000       0       0      39       0    0.0000    0.0233   1
ED18      42.9915   13.2432    0.0000    0.0000       0       0       1       0    0.0000    0.0708   1
ED19      42.9196   13.1392    0.0000    0.0000       0       0      39       0    0.0000    0.0196   1
ED20      42.7488   13.4353    0.0000    0.0000       0       0      13       0    0.0000    0.0326   1
ED22      43.0068   13.3252    0.0000    0.0000       0       0       2       0    0.0000    0.0133   1
ED23      42.7432   13.2871    0.0000    0.0000       0       0      16       0    0.0000    0.0321   1
ED24      42.6556   13.1923    0.0000    0.0000       0       0      14       0    0.0000    0.0364   1
ED25      42.5988   13.3519    0.0000    0.0000       0       0       2       0    0.0000    0.0329   1
MMO1      42.8993   13.3268    0.0000    0.0000       0       0       0       1    0.0000    0.0264   2
NRCA      42.8335   13.1143    0.0000    0.0000       0       0       0       1    0.0000    0.0100   2
SMA1      42.6305   13.3353    0.0000    0.0000       0       0       0       1    0.0000    0.0104   2
T1212     42.7515   13.0447    0.0000    0.0000       0       0       0       1    0.0000    0.0032   2
T1246     42.5833   13.4930    0.0000    0.0000       0       0       1       0    0.0000    0.0078   2
ED07      42.6282   13.4517    0.0000    0.0000       0       0       1       1    0.0000    0.0203   2
ED09      42.8001   13.4237    0.0000    0.0000       0       0       1       1    0.0000    0.0361   2
ED19      42.9196   13.1392    0.0000    0.0000       0       0       0       1    0.0000    0.0087   2
ED20      42.7488   13.4353    0.0000    0.0000       0       0       1       0    0.0000    0.0050   2
ED21      43.0301   13.2723    0.0000    0.0000       0       0       0       1    0.0000    0.0313   2
ED22      43.0068   13.3252    0.0000    0.0000       0       0       0       1    0.0000    0.0010   2
ED23      42.7432   13.2871    0.0000    0.0000       0       0       1       1    0.0000    0.0223   2
ED24      42.6556   13.1923    0.0000    0.0000       0       0       0       1    0.0000    0.0480   2
