CESI      43.0048   12.9047    0.0000    0.0000       0       1       0       0    0.0110    0.0000   1
CSP1      43.0918   13.2048    0.0000    0.0000       0       1       0       0    0.0180    0.0000   1
MC2       42.9127   13.1905    0.0000    0.0000       2       4       0       0    0.0117    0.0000   1
MMO1      42.8993   13.3268    0.0000    0.0000       0       1       0       0    0.0099    0.0000   1
NRCA      42.8335   13.1143    0.0000    0.0000       0       3       0       0    0.0374    0.0000   1
RM33      42.5090   13.2145    0.0000    0.0000       1       1       0       0    0.0316    0.0000   1
SMA1      42.6305   13.3353    0.0000    0.0000       0       1       0       0    0.0385    0.0000   1
T1202     42.7035   13.2248    0.0000    0.0000      14       7       0       0    0.0270    0.0000   1
T1204     42.6760   13.3167    0.0000    0.0000       1       2       0       0    0.0077    0.0000   1
T1212     42.7515   13.0447    0.0000    0.0000       8       1       0       0    0.0125    0.0000   1
T1214     42.7595   13.2087    0.0000    0.0000       8       5       0       0    0.0194    0.0000   1
T1215     42.8018   12.8685    0.0000    0.0000       2       6       0       0    0.0173    0.0000   1
T1216     42.8907   13.0190    0.0000    0.0000       0       1       0       0    0.0143    0.0000   1
T1218     42.6700   13.1152    0.0000    0.0000       9       4       0       0    0.0086    0.0000   1
T1245     42.8565   13.1880    0.0000    0.0000       0       1       0       0    0.0443    0.0000   1
T1246     42.5833   13.4930    0.0000    0.0000       1       2       0       0    0.0259    0.0000   1
T1299     42.6342   13.2822    0.0000    0.0000       1       3       0       0    0.0071    0.0000   1
TERO      42.6228   13.6040    0.0000    0.0000       0       1       0       0    0.0049    0.0000   1
ED01      42.5264   13.0929    0.0000    0.0000       0       3       0       0    0.0244    0.0000   1
ED02      42.6035   12.9288    0.0000    0.0000       0       1       0       0    0.0019    0.0000   1
ED03      42.6030   13.1903    0.0000    0.0000       0       2       0       0    0.0171    0.0000   1
ED04      42.5743   13.2972    0.0000    0.0000       0       1       0       0    0.0107    0.0000   1
ED05      42.4835   13.3649    0.0000    0.0000       0       1       0       0    0.0338    0.0000   1
ED07      42.6282   13.4517    0.0000    0.0000       0       2       0       0    0.0106    0.0000   1
ED09      42.8001   13.4237    0.0000    0.0000       2       0       0       0    0.0080    0.0000   1
ED10      42.7771   13.1412    0.0000    0.0000       4       5       0       0    0.0287    0.0000   1
ED11      42.6884   13.0335    0.0000    0.0000      19       1       0       0    0.0198    0.0000   1
ED12      42.8064   12.9772    0.0000    0.0000       0       3       0       0    0.0202    0.0000   1
ED14      42.4449   13.4331    0.0000    0.0000       0       1       0       0    0.0331    0.0000   1
ED16      42.8371   13.3071    0.0000    0.0000       3       3       0       0    0.0212    0.0000   1
ED17      42.9659   13.3086    0.0000    0.0000       2       1       0       0    0.0091    0.0000   1
ED18      42.9915   13.2432    0.0000    0.0000       0       3       0       0    0.0306    0.0000   1
ED19      42.9196   13.1392    0.0000    0.0000       0       1       0       0    0.0167    0.0000   1
ED20      42.7488   13.4353    0.0000    0.0000       0       2       0       0    0.0136    0.0000   1
ED21      43.0301   13.2723    0.0000    0.0000       0       1       0       0    0.0091    0.0000   1
ED22      43.0068   13.3252    0.0000    0.0000       3       2       0       0    0.0235    0.0000   1
ED23      42.7432   13.2871    0.0000    0.0000      18       8       0       0    0.0219    0.0000   1
ED24      42.6556   13.1923    0.0000    0.0000       1       9       0       0    0.0141    0.0000   1
ED25      42.5988   13.3519    0.0000    0.0000       3       2       0       0    0.0246    0.0000   1
CSP1      43.0918   13.2048    0.0000    0.0000       0       1       0       0    0.0355    0.0000   2
GUMA      43.0627   13.3352    0.0000    0.0000       0       2       0       0    0.0453    0.0000   2
MC2       42.9127   13.1905    0.0000    0.0000      19       9       0       0    0.0548    0.0000   2
MMO1      42.8993   13.3268    0.0000    0.0000      13      14       0       0    0.0381    0.0000   2
NRCA      42.8335   13.1143    0.0000    0.0000       3       1       0       0    0.0417    0.0000   2
T1202     42.7035   13.2248    0.0000    0.0000       0       5       0       0    0.0645    0.0000   2
T1212     42.7515   13.0447    0.0000    0.0000       0       2       0       0    0.0704    0.0000   2
T1214     42.7595   13.2087    0.0000    0.0000       2       7       0       0    0.0497    0.0000   2
T1216     42.8907   13.0190    0.0000    0.0000       1       0       0       0    0.0691    0.0000   2
T1218     42.6700   13.1152    0.0000    0.0000       0       1       0       0    0.0493    0.0000   2
T1245     42.8565   13.1880    0.0000    0.0000       6      13       0       0    0.0299    0.0000   2
T1299     42.6342   13.2822    0.0000    0.0000       0       1       0       0    0.0497    0.0000   2
ED01      42.5264   13.0929    0.0000    0.0000       0       2       0       0    0.0358    0.0000   2
ED09      42.8001   13.4237    0.0000    0.0000       0       1       0       0    0.0354    0.0000   2
ED10      42.7771   13.1412    0.0000    0.0000       0       4       0       0    0.0426    0.0000   2
ED16      42.8371   13.3071    0.0000    0.0000       0      12       0       0    0.0495    0.0000   2
ED17      42.9659   13.3086    0.0000    0.0000      12       8       0       0    0.0365    0.0000   2
ED18      42.9915   13.2432    0.0000    0.0000       0       7       0       0    0.0675    0.0000   2
ED19      42.9196   13.1392    0.0000    0.0000       3       0       0       0    0.0293    0.0000   2
ED21      43.0301   13.2723    0.0000    0.0000       0       1       0       0    0.0625    0.0000   2
ED22      43.0068   13.3252    0.0000    0.0000       4       6       0       0    0.0499    0.0000   2
ED23      42.7432   13.2871    0.0000    0.0000       0       1       0       0    0.0595    0.0000   2
ED24      42.6556   13.1923    0.0000    0.0000       0       1       0       0    0.0440    0.0000   2
SMA1      42.6305   13.3353    0.0000    0.0000       1       1       0       0    0.0260    0.0000   3
T1204     42.6760   13.3167    0.0000    0.0000       1       0       0       0    0.0048    0.0000   3
T1218     42.6700   13.1152    0.0000    0.0000       1       1       0       0    0.0372    0.0000   3
T1246     42.5833   13.4930    0.0000    0.0000       0       1       0       0    0.0385    0.0000   3
ED03      42.6030   13.1903    0.0000    0.0000       1       1       0       0    0.0100    0.0000   3
ED07      42.6282   13.4517    0.0000    0.0000       0       1       0       0    0.0269    0.0000   3
ED09      42.8001   13.4237    0.0000    0.0000       0       1       0       0    0.0331    0.0000   3
ED23      42.7432   13.2871    0.0000    0.0000       1       0       0       0    0.0097    0.0000   3
ED24      42.6556   13.1923    0.0000    0.0000       1       0       0       0    0.0053    0.0000   3
CSP1      43.0918   13.2048    0.0000    0.0000       0       1       0       0    0.0022    0.0000   5
MMO1      42.8993   13.3268    0.0000    0.0000       0       1       0       0    0.0174    0.0000   5
NRCA      42.8335   13.1143    0.0000    0.0000       0       1       0       0    0.0342    0.0000   5
SMA1      42.6305   13.3353    0.0000    0.0000       0       1       0       0    0.0233    0.0000   5
T1204     42.6760   13.3167    0.0000    0.0000       0       1       0       0    0.0196    0.0000   5
ED06      42.4641   13.2277    0.0000    0.0000       1       0       0       0    0.0211    0.0000   5
ED09      42.8001   13.4237    0.0000    0.0000       1       1       0       0    0.0156    0.0000   5
ED16      42.8371   13.3071    0.0000    0.0000       0       1       0       0    0.0130    0.0000   5
ED17      42.9659   13.3086    0.0000    0.0000       0       1       0       0    0.0099    0.0000   5
ED23      42.7432   13.2871    0.0000    0.0000       0       1       0       0    0.0075    0.0000   5
